<?xml version="1.0" encoding="UTF-8"?>
<!-- Generated by org.testng.reporters.JUnitXMLReporter -->
<testsuite ignored="2" hostname="LAPTOP-I5A3CD95" failures="1" tests="3" name="Test" time="16.602" errors="0" timestamp="2023-07-26T23:21:22 IST">
  <testcase classname="Test.LoginPage" name="testlogin" time="1.094"/>
  <testcase classname="Test.RegLog" name="testregg" time="4.087"/>
  <testcase classname="Test.SkinCare1" name="linkselect" time="2.259">
    <failure type="org.openqa.selenium.ElementNotInteractableException" message="Element &amp;lt;i class=&amp;quot;bx bx-search&amp;quot;&amp;gt; could not be scrolled into view
Build info: version: &amp;apos;4.9.1&amp;apos;, revision: &amp;apos;eb2032df7f&amp;apos;
System info: os.name: &amp;apos;Windows 11&amp;apos;, os.arch: &amp;apos;amd64&amp;apos;, os.version: &amp;apos;10.0&amp;apos;, java.version: &amp;apos;17.0.6&amp;apos;
Driver info: org.openqa.selenium.firefox.FirefoxDriver
Command: [90c5ae9b-1dab-4255-ac85-9b4083da2b4c, clickElement {id=f002bda5-0c4f-4f54-a62b-e7971becc62f}]
Capabilities {acceptInsecureCerts: true, browserName: firefox, browserVersion: 115.0.2, moz:accessibilityChecks: false, moz:buildID: 20230710165010, moz:debuggerAddress: 127.0.0.1:19460, moz:geckodriverVersion: 0.33.0, moz:headless: false, moz:platformVersion: 10.0, moz:processID: 2292, moz:profile: C:\Users\ANUSHA\AppData\Loc..., moz:shutdownTimeout: 60000, moz:useNonSpecCompliantPointerOrigin: false, moz:webdriverClick: true, moz:windowless: false, pageLoadStrategy: normal, platformName: windows, proxy: Proxy(), se:cdp: ws://127.0.0.1:19460/devtoo..., se:cdpVersion: 85.0, setWindowRect: true, strictFileInteractability: false, timeouts: {implicit: 0, pageLoad: 300000, script: 30000}, unhandledPromptBehavior: dismiss and notify}
Element: [[FirefoxDriver: firefox on windows (90c5ae9b-1dab-4255-ac85-9b4083da2b4c)] -&amp;gt; xpath: /html/body/div[3]/section/section/div/div/div[2]/div/div[1]/div/div[2]/div/span[2]/a/i]
Session ID: 90c5ae9b-1dab-4255-ac85-9b4083da2b4c">
      <![CDATA[org.openqa.selenium.ElementNotInteractableException: Element <i class="bx bx-search"> could not be scrolled into view
Build info: version: '4.9.1', revision: 'eb2032df7f'
System info: os.name: 'Windows 11', os.arch: 'amd64', os.version: '10.0', java.version: '17.0.6'
Driver info: org.openqa.selenium.firefox.FirefoxDriver
Command: [90c5ae9b-1dab-4255-ac85-9b4083da2b4c, clickElement {id=f002bda5-0c4f-4f54-a62b-e7971becc62f}]
Capabilities {acceptInsecureCerts: true, browserName: firefox, browserVersion: 115.0.2, moz:accessibilityChecks: false, moz:buildID: 20230710165010, moz:debuggerAddress: 127.0.0.1:19460, moz:geckodriverVersion: 0.33.0, moz:headless: false, moz:platformVersion: 10.0, moz:processID: 2292, moz:profile: C:\Users\ANUSHA\AppData\Loc..., moz:shutdownTimeout: 60000, moz:useNonSpecCompliantPointerOrigin: false, moz:webdriverClick: true, moz:windowless: false, pageLoadStrategy: normal, platformName: windows, proxy: Proxy(), se:cdp: ws://127.0.0.1:19460/devtoo..., se:cdpVersion: 85.0, setWindowRect: true, strictFileInteractability: false, timeouts: {implicit: 0, pageLoad: 300000, script: 30000}, unhandledPromptBehavior: dismiss and notify}
Element: [[FirefoxDriver: firefox on windows (90c5ae9b-1dab-4255-ac85-9b4083da2b4c)] -> xpath: /html/body/div[3]/section/section/div/div/div[2]/div/div[1]/div/div[2]/div/span[2]/a/i]
Session ID: 90c5ae9b-1dab-4255-ac85-9b4083da2b4c
at org.openqa.selenium.remote.codec.w3c.W3CHttpResponseCodec.createException(W3CHttpResponseCodec.java:200)
at org.openqa.selenium.remote.codec.w3c.W3CHttpResponseCodec.decode(W3CHttpResponseCodec.java:133)
at org.openqa.selenium.remote.codec.w3c.W3CHttpResponseCodec.decode(W3CHttpResponseCodec.java:53)
at org.openqa.selenium.remote.HttpCommandExecutor.execute(HttpCommandExecutor.java:193)
at org.openqa.selenium.remote.service.DriverCommandExecutor.invokeExecute(DriverCommandExecutor.java:183)
at org.openqa.selenium.remote.service.DriverCommandExecutor.execute(DriverCommandExecutor.java:158)
at org.openqa.selenium.remote.RemoteWebDriver.execute(RemoteWebDriver.java:543)
at org.openqa.selenium.remote.RemoteWebElement.execute(RemoteWebElement.java:257)
at org.openqa.selenium.remote.RemoteWebElement.click(RemoteWebElement.java:78)
at Page.SkinCare.skincare(SkinCare.java:25)
at Test.SkinCare1.linkselect(SkinCare1.java:14)
at java.base/java.util.ArrayList.forEach(ArrayList.java:1511)
... Removed 32 stack frames]]>
    </failure>
  </testcase> <!-- linkselect -->
  <testcase classname="BaseClass.BaseClass" name="@BeforeTest urlloading" time="0.0">
    <ignored/>
  </testcase> <!-- @BeforeTest urlloading -->
  <testcase classname="BaseClass.BaseClass" name="@BeforeTest urlloading" time="0.0">
    <ignored/>
  </testcase> <!-- @BeforeTest urlloading -->
</testsuite> <!-- Test -->
